<?xml version="1.0" encoding="UTF-8"?>
<!-- Generated by org.testng.reporters.JUnitReportReporter -->
<testsuite skipped="0" hostname="LAPTOP-AE0FVLSR" name="com.org.demo1Test" tests="1" failures="0" timestamp="2023-11-07T21:02:52 EST" time="2.495" errors="0">
  <testcase name="shravs" time="2.495" classname="com.org.demo1Test"/>
  <system-out/>
</testsuite> <!-- com.org.demo1Test -->
