<?xml version="1.0" encoding="UTF-8"?>
<!-- Generated by org.testng.reporters.JUnitReportReporter -->
<testsuite skipped="0" hostname="LAPTOP-AE0FVLSR" name="com.org.Demo4Test" tests="1" failures="0" timestamp="2023-11-07T21:03:09 EST" time="0.410" errors="0">
  <testcase name="getrequesttyepecode1" time="0.410" classname="com.org.Demo4Test"/>
  <system-out/>
</testsuite> <!-- com.org.Demo4Test -->
