<?xml version="1.0" encoding="UTF-8"?>
<!-- Generated by org.testng.reporters.JUnitReportReporter -->
<testsuite skipped="0" hostname="LAPTOP-AE0FVLSR" name="com.org.Demo3Test" tests="1" failures="0" timestamp="2023-11-07T21:02:52 EST" time="0.437" errors="0">
  <testcase name="getrequesttyepecode" time="0.437" classname="com.org.Demo3Test"/>
  <system-out/>
</testsuite> <!-- com.org.Demo3Test -->
