<?xml version="1.0" encoding="UTF-8"?>
<!-- Generated by org.testng.reporters.JUnitReportReporter -->
<testsuite skipped="0" hostname="LAPTOP-AE0FVLSR" name="com.org.GetTest" tests="1" failures="0" timestamp="2023-11-07T21:03:09 EST" time="2.229" errors="0">
  <testcase name="shravs" time="2.229" classname="com.org.GetTest"/>
  <system-out/>
</testsuite> <!-- com.org.GetTest -->
