<?xml version="1.0" encoding="UTF-8"?>
<!-- Generated by org.testng.reporters.JUnitReportReporter -->
<testsuite skipped="0" hostname="LAPTOP-AE0FVLSR" name="com.org.Demo2Test" tests="1" failures="0" timestamp="2023-11-07T21:02:52 EST" time="0.298" errors="0">
  <testcase name="ravi" time="0.298" classname="com.org.Demo2Test"/>
  <system-out/>
</testsuite> <!-- com.org.Demo2Test -->
