<?xml version="1.0" encoding="UTF-8"?>
<!-- Generated by org.testng.reporters.JUnitReportReporter -->
<testsuite skipped="0" hostname="LAPTOP-AE0FVLSR" name="com.org.Demo3Test" tests="1" failures="0" timestamp="08 Nov 2023 02:53:47 GMT" time="0.496" errors="0">
  <testcase name="getrequesttyepecode" time="0.496" classname="com.org.Demo3Test"/>
</testsuite> <!-- com.org.Demo3Test -->
