<?xml version="1.0" encoding="UTF-8"?>
<!-- Generated by org.testng.reporters.JUnitReportReporter -->
<testsuite skipped="0" hostname="LAPTOP-AE0FVLSR" name="com.org.Demo2Test" tests="1" failures="0" timestamp="08 Nov 2023 02:53:47 GMT" time="0.290" errors="0">
  <testcase name="ravi" time="0.290" classname="com.org.Demo2Test"/>
</testsuite> <!-- com.org.Demo2Test -->
