<?xml version="1.0" encoding="UTF-8"?>
<!-- Generated by org.testng.reporters.JUnitReportReporter -->
<testsuite skipped="0" hostname="LAPTOP-AE0FVLSR" name="com.org.demo1Test" tests="1" failures="0" timestamp="08 Nov 2023 02:53:47 GMT" time="3.183" errors="0">
  <testcase name="shravs" time="3.183" classname="com.org.demo1Test"/>
</testsuite> <!-- com.org.demo1Test -->
